06.02.2022 22:41:13	Этот журнал содержит сведения об операции импорта схемы в проект "SkillAppAdoDapperWebApi.SqlDatabase" на компьютере "DESKTOP-TOMKA", выполненной пользователем "Yurii".
06.02.2022 22:41:13	Импорт схемы базы данных начат.
06.02.2022 22:41:18	Идет сбор учетных данных для базы данных
06.02.2022 22:41:18	Идет сбор параметров базы данных
06.02.2022 22:41:18	Собирается параметр конфигурации области универсальной базы данных
06.02.2022 22:41:18	Идет сбор пользователей
06.02.2022 22:41:18	Идет сбор ролей
06.02.2022 22:41:18	Идет сбор ролей приложений
06.02.2022 22:41:18	Идет сбор членств ролей
06.02.2022 22:41:18	Идет сбор файловых групп
06.02.2022 22:41:18	Идет сбор полнотекстовых каталогов
06.02.2022 22:41:18	Идет сбор сборок
06.02.2022 22:41:18	Идет сбор сертификатов
06.02.2022 22:41:18	Идет сбор асимметричных ключей
06.02.2022 22:41:18	Идет сбор симметричных ключей
06.02.2022 22:41:18	Идет сбор зашифрованных симметричных ключей
06.02.2022 22:41:18	Идет сбор схем
06.02.2022 22:41:18	Идет сбор коллекции схем XML
06.02.2022 22:41:18	Идет сбор определяемых пользователем типов данных
06.02.2022 22:41:18	Идет сбор определяемых пользователем типов
06.02.2022 22:41:18	Идет сбор табличных типов
06.02.2022 22:41:18	Сбор уникальных ключей для табличных типов
06.02.2022 22:41:18	Идет сбор первичных ключей для табличных типов
06.02.2022 22:41:18	Сбор индексов для табличных типов
06.02.2022 22:41:18	Идет сбор проверочных ограничений для табличных типов
06.02.2022 22:41:18	Идет сбор ограничений по умолчанию для табличных типов
06.02.2022 22:41:18	Идет сбор функций секционирования
06.02.2022 22:41:18	Идет сбор схем секционирования
06.02.2022 22:41:18	Идет сбор функций
06.02.2022 22:41:18	Сбор зашифрованных функций
06.02.2022 22:41:18	Идет сбор статистических выражений
06.02.2022 22:41:18	Идет сбор процедур
06.02.2022 22:41:18	Сбор зашифрованных процедур
06.02.2022 22:41:18	Идет сбор таблиц
06.02.2022 22:41:18	Идет сбор первичных ключей
06.02.2022 22:41:18	Идет сбор ограничений уникальности
06.02.2022 22:41:18	Идет сбор внешних ключей
06.02.2022 22:41:18	Идет сбор ограничений по умолчанию
06.02.2022 22:41:18	Идет сбор проверочных ограничений
06.02.2022 22:41:18	Идет сбор представлений
06.02.2022 22:41:18	Сбор зашифрованных представлений
06.02.2022 22:41:18	Идет сбор индексов
06.02.2022 22:41:18	Идет сбор статистики
06.02.2022 22:41:18	Идет сбор списков стоп-слов полнотекстовых индексов
06.02.2022 22:41:18	Сбор списков свойств поиска
06.02.2022 22:41:18	Сбор свойств поиска
06.02.2022 22:41:18	Идет сбор полнотекстовых индексов
06.02.2022 22:41:18	Сбор индексов хранилища столбцов
06.02.2022 22:41:18	Идет сбор пространственных индексов
06.02.2022 22:41:18	Идет сбор XML-индексов
06.02.2022 22:41:18	Сбор селективных XML-индексов
06.02.2022 22:41:18	Сбор зашифрованных триггеров
06.02.2022 22:41:18	Идет сбор триггеров
06.02.2022 22:41:18	Идет сбор зашифрованных триггеров и триггеров ddl clr
06.02.2022 22:41:18	Идет сбор триггеров ddl
06.02.2022 22:41:18	Создание ограничений границы
06.02.2022 22:41:18	Идет сбор синонимов
06.02.2022 22:41:18	Идет сбор значений по умолчанию
06.02.2022 22:41:18	Идет сбор привязок uddt ограничений данных
06.02.2022 22:41:18	Идет сбор правил
06.02.2022 22:41:18	Идет сбор привязок uddt ограничений данных
06.02.2022 22:41:18	Идет сбор типов сообщений
06.02.2022 22:41:18	Идет сбор списков ожидания
06.02.2022 22:41:18	Идет сбор контрактов
06.02.2022 22:41:18	Идет сбор служб
06.02.2022 22:41:18	Идет сбор уведомлений о событиях
06.02.2022 22:41:18	Идет сбор привязок удаленных служб
06.02.2022 22:41:18	Идет сбор приоритетов брокера
06.02.2022 22:41:18	Идет сбор подписей
06.02.2022 22:41:18	Идет сбор параметров сжатия данных
06.02.2022 22:41:18	Сбор типов последовательностей
06.02.2022 22:41:18	Идет сбор политик безопасности
06.02.2022 22:41:19	Сбор ключей шифрования столбцов
06.02.2022 22:41:19	Сбор главных ключей столбцов
06.02.2022 22:41:19	Выполняется сбор внешних источников данных
06.02.2022 22:41:19	Выполняется сбор внешних форматов файлов
06.02.2022 22:41:19	Выполняется сбор внешних таблиц
06.02.2022 22:41:19	Сбор разрешений базы данных
06.02.2022 22:41:19	Идет сбор расширенных свойств
06.02.2022 22:41:19	Идет сбор сборок
06.02.2022 22:41:19	Идет сбор учетных данных
06.02.2022 22:41:19	Идет сбор имен входа
06.02.2022 22:41:19	Идет сбор аудитов сервера
06.02.2022 22:41:20	Выполняется проверка проекта на наличие повторяющихся элементов
06.02.2022 22:41:20	Обработка повторяющегося элемента завершена
06.02.2022 22:41:21	Импорт базы данных завершен.
06.02.2022 22:41:21	summary операции импорта была сохранена по следующему пути: C:\LEARN\.NET Examples\SkillAppAdoDapperWebApi\SkillAppAdoDapperWebApi.SqlDatabase\Журналы импорта схем\SkillAppAdoDapperWeb_20220206084113.log
06.02.2022 22:41:21	Для продолжения нажмите кнопку ''Готово''...
